<?xml version="1.0" encoding="UTF-8"?>
<!-- Generated by org.testng.reporters.JUnitXMLReporter -->
<testsuite ignored="0" hostname="DESKTOP-QNHJ5Q7" failures="0" tests="2" name="Test" time="0.058" errors="0" timestamp="2022-07-07T00:02:05 PDT">
  <testcase classname="com.ibm.SampleMaven.AppTest" name="@BeforeTest setUp" time="-1.657177325105E9">
    <failure type="org.testng.TestNGException" message="
Parameter &amp;apos;browserType&amp;apos; is required by BeforeTest on method setUp but has not been marked @Optional or defined
in C:\Users\Student\eclipse-workspace\SampleMaven\testng.xml">
      <![CDATA[org.testng.TestNGException: 
Parameter 'browserType' is required by BeforeTest on method setUp but has not been marked @Optional or defined
in C:\Users\Student\eclipse-workspace\SampleMaven\testng.xml
... Removed 21 stack frames]]>
    </failure>
  </testcase> <!-- @BeforeTest setUp -->
  <testcase classname="com.ibm.SampleMaven.AppTest" name="@AfterTest tearDown" time="-1.657177325157E9">
    <skipped/>
  </testcase> <!-- @AfterTest tearDown -->
  <testcase classname="com.ibm.SampleMaven.PaytmLogin" name="Login" time="0.0">
    <skipped/>
  </testcase> <!-- Login -->
  <testcase classname="com.ibm.SampleMaven.PaytmLogin" name="hRMLoginPage" time="0.0">
    <skipped/>
  </testcase> <!-- hRMLoginPage -->
</testsuite> <!-- Test -->
